2021.04.25 00:00:10.049 [Thread-8] [INFO] o.s.s.c.ThreadPoolTaskExecutor - Shutting down ExecutorService 'applicationTaskExecutor'
 2021.04.25 00:00:10.057 [Thread-8] [INFO] o.s.o.j.LocalContainerEntityManagerFactoryBean - Closing JPA EntityManagerFactory for persistence unit 'default'
 2021.04.25 00:00:10.057 [Thread-8] [INFO] o.h.t.s.i.SchemaDropperImpl$DelayedDropActionImpl - HHH000477: Starting delayed evictData of schema as part of SessionFactory shut-down'
 2021.04.25 00:00:10.059 [Thread-8] [INFO] c.z.h.HikariDataSource - HikariPool-2 - Shutdown initiated...
 2021.04.25 00:00:10.074 [Thread-8] [INFO] c.z.h.HikariDataSource - HikariPool-2 - Shutdown completed.
 2021.04.25 00:00:10.320 [restartedMain] [INFO] c.w.b.BoardDemoApplication - Starting BoardDemoApplication using Java 11.0.10 on soo.local with PID 15022 (/Users/soo/Downloads/5workspace/1private/1java/springboot-board-thymeleaf/board-demo/build/classes/java/main started by soo in /Users/soo/Downloads/5workspace/1private/1java/springboot-board-thymeleaf/board-demo)
 2021.04.25 00:00:10.323 [restartedMain] [INFO] c.w.b.BoardDemoApplication - No active profile set, falling back to default profiles: default
 2021.04.25 00:00:10.526 [restartedMain] [INFO] o.s.d.r.c.RepositoryConfigurationDelegate - Bootstrapping Spring Data JPA repositories in DEFAULT mode.
 2021.04.25 00:00:10.529 [restartedMain] [INFO] o.s.d.r.c.RepositoryConfigurationDelegate - Finished Spring Data repository scanning in 1 ms. Found 0 JPA repository interfaces.
 2021.04.25 00:00:10.658 [restartedMain] [INFO] o.s.b.w.e.t.TomcatWebServer - Tomcat initialized with port(s): 8080 (http)
 2021.04.25 00:00:10.660 [restartedMain] [INFO] o.a.c.h.Http11NioProtocol - Initializing ProtocolHandler ["http-nio-8080"]
 2021.04.25 00:00:10.660 [restartedMain] [INFO] o.a.c.c.StandardService - Starting service [Tomcat]
 2021.04.25 00:00:10.661 [restartedMain] [INFO] o.a.c.c.StandardEngine - Starting Servlet engine: [Apache Tomcat/9.0.45]
 2021.04.25 00:00:10.671 [restartedMain] [INFO] o.a.c.c.C.[.[.[/] - Initializing Spring embedded WebApplicationContext
 2021.04.25 00:00:10.672 [restartedMain] [INFO] o.s.b.w.s.c.ServletWebServerApplicationContext - Root WebApplicationContext: initialization completed in 342 ms
 2021.04.25 00:00:10.714 [restartedMain] [INFO] o.h.j.i.u.LogHelper - HHH000204: Processing PersistenceUnitInfo [name: default]
 2021.04.25 00:00:10.718 [restartedMain] [INFO] c.z.h.HikariDataSource - HikariPool-3 - Starting...
 2021.04.25 00:00:10.729 [restartedMain] [INFO] c.z.h.HikariDataSource - HikariPool-3 - Start completed.
 2021.04.25 00:00:10.730 [restartedMain] [INFO] o.h.d.Dialect - HHH000400: Using dialect: org.hibernate.dialect.MariaDB103Dialect
 2021.04.25 00:00:10.750 [restartedMain] [INFO] o.h.e.t.j.p.i.JtaPlatformInitiator - HHH000490: Using JtaPlatform implementation: [org.hibernate.engine.transaction.jta.platform.internal.NoJtaPlatform]
 2021.04.25 00:00:10.750 [restartedMain] [INFO] o.s.o.j.LocalContainerEntityManagerFactoryBean - Initialized JPA EntityManagerFactory for persistence unit 'default'
 2021.04.25 00:00:10.771 [restartedMain] [INFO] o.s.b.d.a.OptionalLiveReloadServer - LiveReload server is running on port 35729
 2021.04.25 00:00:10.828 [restartedMain] [INFO] o.s.s.c.ThreadPoolTaskExecutor - Initializing ExecutorService 'applicationTaskExecutor'
 2021.04.25 00:00:10.880 [restartedMain] [INFO] o.s.b.a.s.s.UserDetailsServiceAutoConfiguration - 

Using generated security password: be58f599-b207-4a61-b43e-b100a6087235

 2021.04.25 00:00:10.887 [restartedMain] [INFO] o.s.s.w.DefaultSecurityFilterChain - Will secure any request with [org.springframework.security.web.context.request.async.WebAsyncManagerIntegrationFilter@1ee749e1, org.springframework.security.web.context.SecurityContextPersistenceFilter@635c3fbe, org.springframework.security.web.header.HeaderWriterFilter@506e89da, org.springframework.security.web.csrf.CsrfFilter@24c22dec, org.springframework.security.web.authentication.logout.LogoutFilter@6cc0c0c5, org.springframework.security.web.authentication.UsernamePasswordAuthenticationFilter@1529ec0c, org.springframework.security.web.authentication.ui.DefaultLoginPageGeneratingFilter@3c23afcd, org.springframework.security.web.authentication.ui.DefaultLogoutPageGeneratingFilter@3de65110, org.springframework.security.web.authentication.www.BasicAuthenticationFilter@78fd47df, org.springframework.security.web.savedrequest.RequestCacheAwareFilter@3afd59c1, org.springframework.security.web.servletapi.SecurityContextHolderAwareRequestFilter@1ef9271d, org.springframework.security.web.authentication.AnonymousAuthenticationFilter@67f5832c, org.springframework.security.web.session.SessionManagementFilter@5644d5d7, org.springframework.security.web.access.ExceptionTranslationFilter@1ce8b216, org.springframework.security.web.access.intercept.FilterSecurityInterceptor@536e1994]
 2021.04.25 00:00:10.908 [restartedMain] [INFO] o.a.c.h.Http11NioProtocol - Starting ProtocolHandler ["http-nio-8080"]
 2021.04.25 00:00:10.911 [restartedMain] [INFO] o.s.b.w.e.t.TomcatWebServer - Tomcat started on port(s): 8080 (http) with context path ''
 2021.04.25 00:00:10.915 [restartedMain] [INFO] c.w.b.BoardDemoApplication - Started BoardDemoApplication in 0.75 seconds (JVM running for 262.14)
 2021.04.25 00:00:10.927 [restartedMain] [INFO] o.s.b.d.a.ConditionEvaluationDeltaLoggingListener - Condition evaluation delta:


==========================
CONDITION EVALUATION DELTA
==========================


Positive matches:
-----------------

   WebSecurityEnablerConfiguration matched:
      - @ConditionalOnClass found required class 'org.springframework.security.config.annotation.web.configuration.EnableWebSecurity' (OnClassCondition)
      - found 'session' scope (OnWebApplicationCondition)
      - @ConditionalOnMissingBean (names: springSecurityFilterChain; SearchStrategy: all) did not find any beans (OnBeanCondition)


Negative matches:
-----------------

    None


Exclusions:
-----------

    None


Unconditional classes:
----------------------

    None



 2021.04.25 00:03:31.978 [SpringContextShutdownHook] [INFO] o.s.s.c.ThreadPoolTaskExecutor - Shutting down ExecutorService 'applicationTaskExecutor'
 2021.04.25 00:03:31.979 [SpringContextShutdownHook] [INFO] o.s.o.j.LocalContainerEntityManagerFactoryBean - Closing JPA EntityManagerFactory for persistence unit 'default'
 2021.04.25 00:03:31.979 [SpringContextShutdownHook] [INFO] o.h.t.s.i.SchemaDropperImpl$DelayedDropActionImpl - HHH000477: Starting delayed evictData of schema as part of SessionFactory shut-down'
 2021.04.25 00:03:31.983 [SpringContextShutdownHook] [INFO] c.z.h.HikariDataSource - HikariPool-3 - Shutdown initiated...
 2021.04.25 00:03:31.998 [SpringContextShutdownHook] [INFO] c.z.h.HikariDataSource - HikariPool-3 - Shutdown completed.
 2021.04.25 00:03:50.922 [restartedMain] [INFO] c.w.b.BoardDemoApplication - Starting BoardDemoApplication using Java 11.0.10 on soo.local with PID 15063 (/Users/soo/Downloads/5workspace/1private/1java/springboot-board-thymeleaf/board-demo/build/classes/java/main started by soo in /Users/soo/Downloads/5workspace/1private/1java/springboot-board-thymeleaf/board-demo)
 2021.04.25 00:03:50.931 [restartedMain] [INFO] c.w.b.BoardDemoApplication - No active profile set, falling back to default profiles: default
 2021.04.25 00:03:50.989 [restartedMain] [INFO] o.s.b.d.e.DevToolsPropertyDefaultsPostProcessor - Devtools property defaults active! Set 'spring.devtools.add-properties' to 'false' to disable
 2021.04.25 00:03:50.990 [restartedMain] [INFO] o.s.b.d.e.DevToolsPropertyDefaultsPostProcessor - For additional web related logging consider setting the 'logging.level.web' property to 'DEBUG'
 2021.04.25 00:03:51.665 [restartedMain] [INFO] o.s.d.r.c.RepositoryConfigurationDelegate - Bootstrapping Spring Data JPA repositories in DEFAULT mode.
 2021.04.25 00:03:51.681 [restartedMain] [INFO] o.s.d.r.c.RepositoryConfigurationDelegate - Finished Spring Data repository scanning in 10 ms. Found 0 JPA repository interfaces.
 2021.04.25 00:03:52.323 [restartedMain] [INFO] o.s.b.w.e.t.TomcatWebServer - Tomcat initialized with port(s): 8080 (http)
 2021.04.25 00:03:52.331 [restartedMain] [INFO] o.a.c.h.Http11NioProtocol - Initializing ProtocolHandler ["http-nio-8080"]
 2021.04.25 00:03:52.332 [restartedMain] [INFO] o.a.c.c.StandardService - Starting service [Tomcat]
 2021.04.25 00:03:52.332 [restartedMain] [INFO] o.a.c.c.StandardEngine - Starting Servlet engine: [Apache Tomcat/9.0.45]
 2021.04.25 00:03:52.384 [restartedMain] [INFO] o.a.c.c.C.[.[.[/] - Initializing Spring embedded WebApplicationContext
 2021.04.25 00:03:52.384 [restartedMain] [INFO] o.s.b.w.s.c.ServletWebServerApplicationContext - Root WebApplicationContext: initialization completed in 1393 ms
 2021.04.25 00:03:52.533 [restartedMain] [INFO] o.h.j.i.u.LogHelper - HHH000204: Processing PersistenceUnitInfo [name: default]
 2021.04.25 00:03:52.560 [restartedMain] [INFO] o.h.Version - HHH000412: Hibernate ORM core version 5.4.30.Final
 2021.04.25 00:03:52.665 [restartedMain] [INFO] o.h.a.c.Version - HCANN000001: Hibernate Commons Annotations {5.1.2.Final}
 2021.04.25 00:03:52.723 [restartedMain] [INFO] c.z.h.HikariDataSource - HikariPool-1 - Starting...
 2021.04.25 00:03:52.799 [restartedMain] [INFO] c.z.h.HikariDataSource - HikariPool-1 - Start completed.
 2021.04.25 00:03:52.810 [restartedMain] [INFO] o.h.d.Dialect - HHH000400: Using dialect: org.hibernate.dialect.MariaDB103Dialect
 2021.04.25 00:03:52.917 [restartedMain] [INFO] o.h.e.t.j.p.i.JtaPlatformInitiator - HHH000490: Using JtaPlatform implementation: [org.hibernate.engine.transaction.jta.platform.internal.NoJtaPlatform]
 2021.04.25 00:03:52.923 [restartedMain] [INFO] o.s.o.j.LocalContainerEntityManagerFactoryBean - Initialized JPA EntityManagerFactory for persistence unit 'default'
 2021.04.25 00:03:52.971 [restartedMain] [INFO] o.s.b.d.a.OptionalLiveReloadServer - LiveReload server is running on port 35729
 2021.04.25 00:03:53.105 [restartedMain] [INFO] o.s.b.a.s.s.UserDetailsServiceAutoConfiguration - 

Using generated security password: 7daebfca-d08a-41e3-bdc7-296dceff2b50

 2021.04.25 00:03:53.147 [restartedMain] [INFO] o.s.s.w.DefaultSecurityFilterChain - Will secure any request with [org.springframework.security.web.context.request.async.WebAsyncManagerIntegrationFilter@4c491d64, org.springframework.security.web.context.SecurityContextPersistenceFilter@5bb1e02b, org.springframework.security.web.header.HeaderWriterFilter@453bc01a, org.springframework.security.web.authentication.logout.LogoutFilter@1bfcf9d2, org.springframework.security.web.savedrequest.RequestCacheAwareFilter@19a047c0, org.springframework.security.web.servletapi.SecurityContextHolderAwareRequestFilter@62fa5c0f, org.springframework.security.web.authentication.AnonymousAuthenticationFilter@6ff38f99, org.springframework.security.web.session.SessionManagementFilter@132116db, org.springframework.security.web.access.ExceptionTranslationFilter@106fed9a, org.springframework.security.web.access.intercept.FilterSecurityInterceptor@be19209]
 2021.04.25 00:03:53.237 [restartedMain] [INFO] o.s.s.c.ThreadPoolTaskExecutor - Initializing ExecutorService 'applicationTaskExecutor'
 2021.04.25 00:03:53.417 [restartedMain] [INFO] o.a.c.h.Http11NioProtocol - Starting ProtocolHandler ["http-nio-8080"]
 2021.04.25 00:03:53.433 [restartedMain] [INFO] o.s.b.w.e.t.TomcatWebServer - Tomcat started on port(s): 8080 (http) with context path ''
 2021.04.25 00:03:53.448 [restartedMain] [INFO] c.w.b.BoardDemoApplication - Started BoardDemoApplication in 2.987 seconds (JVM running for 4.245)
 2021.04.25 00:03:59.829 [http-nio-8080-exec-2] [INFO] o.a.c.c.C.[.[.[/] - Initializing Spring DispatcherServlet 'dispatcherServlet'
 2021.04.25 00:03:59.830 [http-nio-8080-exec-2] [INFO] o.s.w.s.DispatcherServlet - Initializing Servlet 'dispatcherServlet'
 2021.04.25 00:03:59.832 [http-nio-8080-exec-2] [INFO] o.s.w.s.DispatcherServlet - Completed initialization in 2 ms
 2021.04.25 00:03:59.857 [http-nio-8080-exec-2] [INFO] c.w.b.c.BoardController - core
 2021.04.25 00:35:52.332 [Thread-4] [INFO] o.s.s.c.ThreadPoolTaskExecutor - Shutting down ExecutorService 'applicationTaskExecutor'
 2021.04.25 00:35:52.334 [Thread-4] [INFO] o.s.o.j.LocalContainerEntityManagerFactoryBean - Closing JPA EntityManagerFactory for persistence unit 'default'
 2021.04.25 00:35:52.334 [Thread-4] [INFO] o.h.t.s.i.SchemaDropperImpl$DelayedDropActionImpl - HHH000477: Starting delayed evictData of schema as part of SessionFactory shut-down'
 2021.04.25 00:35:52.339 [Thread-4] [INFO] c.z.h.HikariDataSource - HikariPool-1 - Shutdown initiated...
 2021.04.25 00:35:52.354 [Thread-4] [INFO] c.z.h.HikariDataSource - HikariPool-1 - Shutdown completed.
 2021.04.25 00:35:52.655 [restartedMain] [INFO] c.w.b.BoardDemoApplication - Starting BoardDemoApplication using Java 11.0.10 on soo.local with PID 15063 (/Users/soo/Downloads/5workspace/1private/1java/springboot-board-thymeleaf/board-demo/build/classes/java/main started by soo in /Users/soo/Downloads/5workspace/1private/1java/springboot-board-thymeleaf/board-demo)
 2021.04.25 00:35:52.657 [restartedMain] [INFO] c.w.b.BoardDemoApplication - No active profile set, falling back to default profiles: default
 2021.04.25 00:35:53.032 [restartedMain] [INFO] o.s.d.r.c.RepositoryConfigurationDelegate - Bootstrapping Spring Data JPA repositories in DEFAULT mode.
 2021.04.25 00:35:54.583 [restartedMain] [INFO] o.s.b.d.e.DevToolsPropertyDefaultsPostProcessor - Devtools property defaults active! Set 'spring.devtools.add-properties' to 'false' to disable
 2021.04.25 00:35:54.585 [restartedMain] [INFO] o.s.b.d.e.DevToolsPropertyDefaultsPostProcessor - For additional web related logging consider setting the 'logging.level.web' property to 'DEBUG'
 2021.04.25 00:35:54.589 [restartedMain] [INFO] c.w.b.BoardDemoApplication - Starting BoardDemoApplication using Java 11.0.10 on soo.local with PID 15063 (/Users/soo/Downloads/5workspace/1private/1java/springboot-board-thymeleaf/board-demo/build/classes/java/main started by soo in /Users/soo/Downloads/5workspace/1private/1java/springboot-board-thymeleaf/board-demo)
 2021.04.25 00:35:54.589 [restartedMain] [INFO] c.w.b.BoardDemoApplication - No active profile set, falling back to default profiles: default
 2021.04.25 00:35:54.774 [restartedMain] [INFO] o.s.d.r.c.RepositoryConfigurationDelegate - Bootstrapping Spring Data JPA repositories in DEFAULT mode.
 2021.04.25 00:36:46.642 [restartedMain] [INFO] o.s.b.d.e.DevToolsPropertyDefaultsPostProcessor - Devtools property defaults active! Set 'spring.devtools.add-properties' to 'false' to disable
 2021.04.25 00:36:46.643 [restartedMain] [INFO] o.s.b.d.e.DevToolsPropertyDefaultsPostProcessor - For additional web related logging consider setting the 'logging.level.web' property to 'DEBUG'
 2021.04.25 00:36:46.655 [restartedMain] [INFO] c.w.b.BoardDemoApplication - Starting BoardDemoApplication using Java 11.0.10 on soo.local with PID 15063 (/Users/soo/Downloads/5workspace/1private/1java/springboot-board-thymeleaf/board-demo/build/classes/java/main started by soo in /Users/soo/Downloads/5workspace/1private/1java/springboot-board-thymeleaf/board-demo)
 2021.04.25 00:36:46.656 [restartedMain] [INFO] c.w.b.BoardDemoApplication - No active profile set, falling back to default profiles: default
 2021.04.25 00:36:46.777 [restartedMain] [INFO] o.s.d.r.c.RepositoryConfigurationDelegate - Bootstrapping Spring Data JPA repositories in DEFAULT mode.
 2021.04.25 00:36:48.222 [restartedMain] [INFO] o.s.b.d.e.DevToolsPropertyDefaultsPostProcessor - Devtools property defaults active! Set 'spring.devtools.add-properties' to 'false' to disable
 2021.04.25 00:36:48.222 [restartedMain] [INFO] o.s.b.d.e.DevToolsPropertyDefaultsPostProcessor - For additional web related logging consider setting the 'logging.level.web' property to 'DEBUG'
 2021.04.25 00:36:48.225 [restartedMain] [INFO] c.w.b.BoardDemoApplication - Starting BoardDemoApplication using Java 11.0.10 on soo.local with PID 15063 (/Users/soo/Downloads/5workspace/1private/1java/springboot-board-thymeleaf/board-demo/build/classes/java/main started by soo in /Users/soo/Downloads/5workspace/1private/1java/springboot-board-thymeleaf/board-demo)
 2021.04.25 00:36:48.227 [restartedMain] [INFO] c.w.b.BoardDemoApplication - No active profile set, falling back to default profiles: default
 2021.04.25 00:36:48.356 [restartedMain] [INFO] o.s.d.r.c.RepositoryConfigurationDelegate - Bootstrapping Spring Data JPA repositories in DEFAULT mode.
 2021.04.25 00:36:57.881 [restartedMain] [INFO] o.s.b.d.e.DevToolsPropertyDefaultsPostProcessor - Devtools property defaults active! Set 'spring.devtools.add-properties' to 'false' to disable
 2021.04.25 00:36:57.883 [restartedMain] [INFO] o.s.b.d.e.DevToolsPropertyDefaultsPostProcessor - For additional web related logging consider setting the 'logging.level.web' property to 'DEBUG'
 2021.04.25 00:36:57.906 [restartedMain] [INFO] c.w.b.BoardDemoApplication - Starting BoardDemoApplication using Java 11.0.10 on soo.local with PID 15063 (/Users/soo/Downloads/5workspace/1private/1java/springboot-board-thymeleaf/board-demo/build/classes/java/main started by soo in /Users/soo/Downloads/5workspace/1private/1java/springboot-board-thymeleaf/board-demo)
 2021.04.25 00:36:57.907 [restartedMain] [INFO] c.w.b.BoardDemoApplication - No active profile set, falling back to default profiles: default
 2021.04.25 00:36:58.031 [restartedMain] [INFO] o.s.d.r.c.RepositoryConfigurationDelegate - Bootstrapping Spring Data JPA repositories in DEFAULT mode.
 2021.04.25 00:36:58.037 [restartedMain] [INFO] o.s.d.r.c.RepositoryConfigurationDelegate - Finished Spring Data repository scanning in 5 ms. Found 0 JPA repository interfaces.
 2021.04.25 00:36:58.208 [restartedMain] [INFO] o.s.b.w.e.t.TomcatWebServer - Tomcat initialized with port(s): 8080 (http)
 2021.04.25 00:36:58.210 [restartedMain] [INFO] o.a.c.h.Http11NioProtocol - Initializing ProtocolHandler ["http-nio-8080"]
 2021.04.25 00:36:58.211 [restartedMain] [INFO] o.a.c.c.StandardService - Starting service [Tomcat]
 2021.04.25 00:36:58.211 [restartedMain] [INFO] o.a.c.c.StandardEngine - Starting Servlet engine: [Apache Tomcat/9.0.45]
 2021.04.25 00:36:58.228 [restartedMain] [INFO] o.a.c.c.C.[.[.[/] - Initializing Spring embedded WebApplicationContext
 2021.04.25 00:36:58.229 [restartedMain] [INFO] o.s.b.w.s.c.ServletWebServerApplicationContext - Root WebApplicationContext: initialization completed in 318 ms
 2021.04.25 00:36:58.259 [restartedMain] [INFO] o.a.c.c.StandardService - Stopping service [Tomcat]
 2021.04.25 00:36:58.267 [restartedMain] [INFO] o.s.b.a.l.ConditionEvaluationReportLoggingListener - 

Error starting ApplicationContext. To display the conditions report re-run your application with 'debug' enabled.
 2021.04.25 00:37:33.529 [restartedMain] [INFO] c.w.b.BoardDemoApplication - Starting BoardDemoApplication using Java 11.0.10 on soo.local with PID 15063 (/Users/soo/Downloads/5workspace/1private/1java/springboot-board-thymeleaf/board-demo/build/classes/java/main started by soo in /Users/soo/Downloads/5workspace/1private/1java/springboot-board-thymeleaf/board-demo)
 2021.04.25 00:37:33.533 [restartedMain] [INFO] c.w.b.BoardDemoApplication - No active profile set, falling back to default profiles: default
 2021.04.25 00:37:33.637 [restartedMain] [INFO] o.s.d.r.c.RepositoryConfigurationDelegate - Bootstrapping Spring Data JPA repositories in DEFAULT mode.
 2021.04.25 00:37:51.621 [restartedMain] [INFO] o.s.b.d.e.DevToolsPropertyDefaultsPostProcessor - Devtools property defaults active! Set 'spring.devtools.add-properties' to 'false' to disable
 2021.04.25 00:37:51.621 [restartedMain] [INFO] o.s.b.d.e.DevToolsPropertyDefaultsPostProcessor - For additional web related logging consider setting the 'logging.level.web' property to 'DEBUG'
 2021.04.25 00:37:51.626 [restartedMain] [INFO] c.w.b.BoardDemoApplication - Starting BoardDemoApplication using Java 11.0.10 on soo.local with PID 15063 (/Users/soo/Downloads/5workspace/1private/1java/springboot-board-thymeleaf/board-demo/build/classes/java/main started by soo in /Users/soo/Downloads/5workspace/1private/1java/springboot-board-thymeleaf/board-demo)
 2021.04.25 00:37:51.626 [restartedMain] [INFO] c.w.b.BoardDemoApplication - No active profile set, falling back to default profiles: default
 2021.04.25 00:37:51.706 [restartedMain] [INFO] o.s.d.r.c.RepositoryConfigurationDelegate - Bootstrapping Spring Data JPA repositories in DEFAULT mode.
 2021.04.25 00:49:36.716 [restartedMain] [INFO] c.w.b.BoardDemoApplication - Starting BoardDemoApplication using Java 11.0.10 on soo.local with PID 15361 (/Users/soo/Downloads/5workspace/1private/1java/springboot-board-thymeleaf/board-demo/build/classes/java/main started by soo in /Users/soo/Downloads/5workspace/1private/1java/springboot-board-thymeleaf/board-demo)
 2021.04.25 00:49:36.725 [restartedMain] [INFO] c.w.b.BoardDemoApplication - No active profile set, falling back to default profiles: default
 2021.04.25 00:49:36.780 [restartedMain] [INFO] o.s.b.d.e.DevToolsPropertyDefaultsPostProcessor - Devtools property defaults active! Set 'spring.devtools.add-properties' to 'false' to disable
 2021.04.25 00:49:36.781 [restartedMain] [INFO] o.s.b.d.e.DevToolsPropertyDefaultsPostProcessor - For additional web related logging consider setting the 'logging.level.web' property to 'DEBUG'
 2021.04.25 00:49:37.554 [restartedMain] [INFO] o.s.d.r.c.RepositoryConfigurationDelegate - Bootstrapping Spring Data JPA repositories in DEFAULT mode.
 2021.04.25 00:49:37.615 [restartedMain] [INFO] o.s.d.r.c.RepositoryConfigurationDelegate - Finished Spring Data repository scanning in 48 ms. Found 1 JPA repository interfaces.
 2021.04.25 00:49:38.287 [restartedMain] [INFO] o.s.b.w.e.t.TomcatWebServer - Tomcat initialized with port(s): 8080 (http)
 2021.04.25 00:49:38.295 [restartedMain] [INFO] o.a.c.h.Http11NioProtocol - Initializing ProtocolHandler ["http-nio-8080"]
 2021.04.25 00:49:38.297 [restartedMain] [INFO] o.a.c.c.StandardService - Starting service [Tomcat]
 2021.04.25 00:49:38.297 [restartedMain] [INFO] o.a.c.c.StandardEngine - Starting Servlet engine: [Apache Tomcat/9.0.45]
 2021.04.25 00:49:38.358 [restartedMain] [INFO] o.a.c.c.C.[.[.[/] - Initializing Spring embedded WebApplicationContext
 2021.04.25 00:49:38.358 [restartedMain] [INFO] o.s.b.w.s.c.ServletWebServerApplicationContext - Root WebApplicationContext: initialization completed in 1576 ms
 2021.04.25 00:49:38.521 [restartedMain] [INFO] o.h.j.i.u.LogHelper - HHH000204: Processing PersistenceUnitInfo [name: default]
 2021.04.25 00:49:38.611 [restartedMain] [INFO] o.h.Version - HHH000412: Hibernate ORM core version 5.4.30.Final
 2021.04.25 00:49:38.704 [restartedMain] [INFO] o.h.a.c.Version - HCANN000001: Hibernate Commons Annotations {5.1.2.Final}
 2021.04.25 00:49:38.764 [restartedMain] [INFO] c.z.h.HikariDataSource - HikariPool-1 - Starting...
 2021.04.25 00:49:38.851 [restartedMain] [INFO] c.z.h.HikariDataSource - HikariPool-1 - Start completed.
 2021.04.25 00:49:38.873 [restartedMain] [INFO] o.h.d.Dialect - HHH000400: Using dialect: org.hibernate.dialect.MariaDB103Dialect
 2021.04.25 00:49:39.413 [restartedMain] [INFO] o.h.e.t.j.p.i.JtaPlatformInitiator - HHH000490: Using JtaPlatform implementation: [org.hibernate.engine.transaction.jta.platform.internal.NoJtaPlatform]
 2021.04.25 00:49:39.419 [restartedMain] [INFO] o.s.o.j.LocalContainerEntityManagerFactoryBean - Initialized JPA EntityManagerFactory for persistence unit 'default'
 2021.04.25 00:49:39.483 [restartedMain] [INFO] o.s.b.d.a.OptionalLiveReloadServer - LiveReload server is running on port 35729
 2021.04.25 00:49:39.915 [restartedMain] [INFO] o.s.s.w.DefaultSecurityFilterChain - Will secure any request with [org.springframework.security.web.context.request.async.WebAsyncManagerIntegrationFilter@246c6b5f, org.springframework.security.web.context.SecurityContextPersistenceFilter@7ba05783, org.springframework.security.web.header.HeaderWriterFilter@5f35e042, org.springframework.security.web.authentication.logout.LogoutFilter@2084f3de, org.springframework.security.web.savedrequest.RequestCacheAwareFilter@505964d5, org.springframework.security.web.servletapi.SecurityContextHolderAwareRequestFilter@3d7938e0, org.springframework.security.web.authentication.AnonymousAuthenticationFilter@354dd36c, org.springframework.security.web.session.SessionManagementFilter@3a79ce94, org.springframework.security.web.access.ExceptionTranslationFilter@1923a7a8, org.springframework.security.web.access.intercept.FilterSecurityInterceptor@4a6478b5]
 2021.04.25 00:49:40.119 [restartedMain] [INFO] o.s.s.c.ThreadPoolTaskExecutor - Initializing ExecutorService 'applicationTaskExecutor'
 2021.04.25 00:49:40.322 [restartedMain] [INFO] o.a.c.h.Http11NioProtocol - Starting ProtocolHandler ["http-nio-8080"]
 2021.04.25 00:49:40.341 [restartedMain] [INFO] o.s.b.w.e.t.TomcatWebServer - Tomcat started on port(s): 8080 (http) with context path ''
 2021.04.25 00:49:40.372 [restartedMain] [INFO] c.w.b.BoardDemoApplication - Started BoardDemoApplication in 4.18 seconds (JVM running for 5.734)
 2021.04.25 00:50:57.957 [SpringContextShutdownHook] [INFO] o.s.s.c.ThreadPoolTaskExecutor - Shutting down ExecutorService 'applicationTaskExecutor'
 2021.04.25 00:50:57.959 [SpringContextShutdownHook] [INFO] o.s.o.j.LocalContainerEntityManagerFactoryBean - Closing JPA EntityManagerFactory for persistence unit 'default'
 2021.04.25 00:50:57.960 [SpringContextShutdownHook] [INFO] o.h.t.s.i.SchemaDropperImpl$DelayedDropActionImpl - HHH000477: Starting delayed evictData of schema as part of SessionFactory shut-down'
 2021.04.25 00:50:58.005 [SpringContextShutdownHook] [INFO] c.z.h.HikariDataSource - HikariPool-1 - Shutdown initiated...
 2021.04.25 00:50:58.016 [SpringContextShutdownHook] [INFO] c.z.h.HikariDataSource - HikariPool-1 - Shutdown completed.
 2021.04.25 00:51:00.983 [restartedMain] [INFO] c.w.b.BoardDemoApplication - Starting BoardDemoApplication using Java 11.0.10 on soo.local with PID 15368 (/Users/soo/Downloads/5workspace/1private/1java/springboot-board-thymeleaf/board-demo/build/classes/java/main started by soo in /Users/soo/Downloads/5workspace/1private/1java/springboot-board-thymeleaf/board-demo)
 2021.04.25 00:51:00.993 [restartedMain] [INFO] c.w.b.BoardDemoApplication - No active profile set, falling back to default profiles: default
 2021.04.25 00:51:01.051 [restartedMain] [INFO] o.s.b.d.e.DevToolsPropertyDefaultsPostProcessor - Devtools property defaults active! Set 'spring.devtools.add-properties' to 'false' to disable
 2021.04.25 00:51:01.052 [restartedMain] [INFO] o.s.b.d.e.DevToolsPropertyDefaultsPostProcessor - For additional web related logging consider setting the 'logging.level.web' property to 'DEBUG'
 2021.04.25 00:51:01.693 [restartedMain] [INFO] o.s.d.r.c.RepositoryConfigurationDelegate - Bootstrapping Spring Data JPA repositories in DEFAULT mode.
 2021.04.25 00:51:01.742 [restartedMain] [INFO] o.s.d.r.c.RepositoryConfigurationDelegate - Finished Spring Data repository scanning in 43 ms. Found 1 JPA repository interfaces.
 2021.04.25 00:51:02.384 [restartedMain] [INFO] o.s.b.w.e.t.TomcatWebServer - Tomcat initialized with port(s): 8080 (http)
 2021.04.25 00:51:02.391 [restartedMain] [INFO] o.a.c.h.Http11NioProtocol - Initializing ProtocolHandler ["http-nio-8080"]
 2021.04.25 00:51:02.392 [restartedMain] [INFO] o.a.c.c.StandardService - Starting service [Tomcat]
 2021.04.25 00:51:02.392 [restartedMain] [INFO] o.a.c.c.StandardEngine - Starting Servlet engine: [Apache Tomcat/9.0.45]
 2021.04.25 00:51:02.447 [restartedMain] [INFO] o.a.c.c.C.[.[.[/] - Initializing Spring embedded WebApplicationContext
 2021.04.25 00:51:02.447 [restartedMain] [INFO] o.s.b.w.s.c.ServletWebServerApplicationContext - Root WebApplicationContext: initialization completed in 1394 ms
 2021.04.25 00:51:02.600 [restartedMain] [INFO] o.h.j.i.u.LogHelper - HHH000204: Processing PersistenceUnitInfo [name: default]
 2021.04.25 00:51:02.630 [restartedMain] [INFO] o.h.Version - HHH000412: Hibernate ORM core version 5.4.30.Final
 2021.04.25 00:51:02.699 [restartedMain] [INFO] o.h.a.c.Version - HCANN000001: Hibernate Commons Annotations {5.1.2.Final}
 2021.04.25 00:51:02.750 [restartedMain] [INFO] c.z.h.HikariDataSource - HikariPool-1 - Starting...
 2021.04.25 00:51:02.810 [restartedMain] [INFO] c.z.h.HikariDataSource - HikariPool-1 - Start completed.
 2021.04.25 00:51:02.821 [restartedMain] [INFO] o.h.d.Dialect - HHH000400: Using dialect: org.hibernate.dialect.MariaDB103Dialect
 2021.04.25 00:51:03.282 [restartedMain] [INFO] o.h.e.t.j.p.i.JtaPlatformInitiator - HHH000490: Using JtaPlatform implementation: [org.hibernate.engine.transaction.jta.platform.internal.NoJtaPlatform]
 2021.04.25 00:51:03.290 [restartedMain] [INFO] o.s.o.j.LocalContainerEntityManagerFactoryBean - Initialized JPA EntityManagerFactory for persistence unit 'default'
 2021.04.25 00:51:03.350 [restartedMain] [INFO] o.s.b.d.a.OptionalLiveReloadServer - LiveReload server is running on port 35729
 2021.04.25 00:51:03.774 [restartedMain] [INFO] o.s.s.w.DefaultSecurityFilterChain - Will secure any request with [org.springframework.security.web.context.request.async.WebAsyncManagerIntegrationFilter@2973f2a5, org.springframework.security.web.context.SecurityContextPersistenceFilter@32c5b549, org.springframework.security.web.header.HeaderWriterFilter@14d047, org.springframework.security.web.authentication.logout.LogoutFilter@12b85980, org.springframework.security.web.savedrequest.RequestCacheAwareFilter@61b5bda4, org.springframework.security.web.servletapi.SecurityContextHolderAwareRequestFilter@dfb80aa, org.springframework.security.web.authentication.AnonymousAuthenticationFilter@54d8834, org.springframework.security.web.session.SessionManagementFilter@7b6c1c9, org.springframework.security.web.access.ExceptionTranslationFilter@6509ec94, org.springframework.security.web.access.intercept.FilterSecurityInterceptor@6b413d92]
 2021.04.25 00:51:03.950 [restartedMain] [INFO] o.s.s.c.ThreadPoolTaskExecutor - Initializing ExecutorService 'applicationTaskExecutor'
 2021.04.25 00:51:04.156 [restartedMain] [INFO] o.a.c.h.Http11NioProtocol - Starting ProtocolHandler ["http-nio-8080"]
 2021.04.25 00:51:04.174 [restartedMain] [INFO] o.s.b.w.e.t.TomcatWebServer - Tomcat started on port(s): 8080 (http) with context path ''
 2021.04.25 00:51:04.217 [restartedMain] [INFO] c.w.b.BoardDemoApplication - Started BoardDemoApplication in 3.793 seconds (JVM running for 4.89)
 2021.04.25 00:51:17.073 [SpringContextShutdownHook] [INFO] o.s.s.c.ThreadPoolTaskExecutor - Shutting down ExecutorService 'applicationTaskExecutor'
 2021.04.25 00:51:17.074 [SpringContextShutdownHook] [INFO] o.s.o.j.LocalContainerEntityManagerFactoryBean - Closing JPA EntityManagerFactory for persistence unit 'default'
 2021.04.25 00:51:17.074 [SpringContextShutdownHook] [INFO] o.h.t.s.i.SchemaDropperImpl$DelayedDropActionImpl - HHH000477: Starting delayed evictData of schema as part of SessionFactory shut-down'
 2021.04.25 00:51:17.119 [SpringContextShutdownHook] [INFO] c.z.h.HikariDataSource - HikariPool-1 - Shutdown initiated...
 2021.04.25 00:51:17.130 [SpringContextShutdownHook] [INFO] c.z.h.HikariDataSource - HikariPool-1 - Shutdown completed.
 2021.04.25 00:51:19.831 [restartedMain] [INFO] c.w.b.BoardDemoApplication - Starting BoardDemoApplication using Java 11.0.10 on soo.local with PID 15375 (/Users/soo/Downloads/5workspace/1private/1java/springboot-board-thymeleaf/board-demo/build/classes/java/main started by soo in /Users/soo/Downloads/5workspace/1private/1java/springboot-board-thymeleaf/board-demo)
 2021.04.25 00:51:19.839 [restartedMain] [INFO] c.w.b.BoardDemoApplication - No active profile set, falling back to default profiles: default
 2021.04.25 00:51:19.887 [restartedMain] [INFO] o.s.b.d.e.DevToolsPropertyDefaultsPostProcessor - Devtools property defaults active! Set 'spring.devtools.add-properties' to 'false' to disable
 2021.04.25 00:51:19.888 [restartedMain] [INFO] o.s.b.d.e.DevToolsPropertyDefaultsPostProcessor - For additional web related logging consider setting the 'logging.level.web' property to 'DEBUG'
 2021.04.25 00:51:20.551 [restartedMain] [INFO] o.s.d.r.c.RepositoryConfigurationDelegate - Bootstrapping Spring Data JPA repositories in DEFAULT mode.
 2021.04.25 00:51:20.601 [restartedMain] [INFO] o.s.d.r.c.RepositoryConfigurationDelegate - Finished Spring Data repository scanning in 44 ms. Found 1 JPA repository interfaces.
 2021.04.25 00:51:21.196 [restartedMain] [INFO] o.s.b.w.e.t.TomcatWebServer - Tomcat initialized with port(s): 8080 (http)
 2021.04.25 00:51:21.204 [restartedMain] [INFO] o.a.c.h.Http11NioProtocol - Initializing ProtocolHandler ["http-nio-8080"]
 2021.04.25 00:51:21.204 [restartedMain] [INFO] o.a.c.c.StandardService - Starting service [Tomcat]
 2021.04.25 00:51:21.205 [restartedMain] [INFO] o.a.c.c.StandardEngine - Starting Servlet engine: [Apache Tomcat/9.0.45]
 2021.04.25 00:51:21.279 [restartedMain] [INFO] o.a.c.c.C.[.[.[/] - Initializing Spring embedded WebApplicationContext
 2021.04.25 00:51:21.279 [restartedMain] [INFO] o.s.b.w.s.c.ServletWebServerApplicationContext - Root WebApplicationContext: initialization completed in 1391 ms
 2021.04.25 00:51:21.472 [restartedMain] [INFO] o.h.j.i.u.LogHelper - HHH000204: Processing PersistenceUnitInfo [name: default]
 2021.04.25 00:51:21.509 [restartedMain] [INFO] o.h.Version - HHH000412: Hibernate ORM core version 5.4.30.Final
 2021.04.25 00:51:21.640 [restartedMain] [INFO] o.h.a.c.Version - HCANN000001: Hibernate Commons Annotations {5.1.2.Final}
 2021.04.25 00:51:21.698 [restartedMain] [INFO] c.z.h.HikariDataSource - HikariPool-1 - Starting...
 2021.04.25 00:51:21.762 [restartedMain] [INFO] c.z.h.HikariDataSource - HikariPool-1 - Start completed.
 2021.04.25 00:51:21.773 [restartedMain] [INFO] o.h.d.Dialect - HHH000400: Using dialect: org.hibernate.dialect.MariaDB103Dialect
 2021.04.25 00:51:22.256 [restartedMain] [INFO] o.h.e.t.j.p.i.JtaPlatformInitiator - HHH000490: Using JtaPlatform implementation: [org.hibernate.engine.transaction.jta.platform.internal.NoJtaPlatform]
 2021.04.25 00:51:22.264 [restartedMain] [INFO] o.s.o.j.LocalContainerEntityManagerFactoryBean - Initialized JPA EntityManagerFactory for persistence unit 'default'
 2021.04.25 00:51:22.322 [restartedMain] [INFO] o.s.b.d.a.OptionalLiveReloadServer - LiveReload server is running on port 35729
 2021.04.25 00:51:22.715 [restartedMain] [INFO] o.s.s.w.DefaultSecurityFilterChain - Will secure any request with [org.springframework.security.web.context.request.async.WebAsyncManagerIntegrationFilter@d9075e1, org.springframework.security.web.context.SecurityContextPersistenceFilter@3a7a0f94, org.springframework.security.web.header.HeaderWriterFilter@3f852cf8, org.springframework.security.web.authentication.logout.LogoutFilter@1f257b0, org.springframework.security.web.savedrequest.RequestCacheAwareFilter@23f19e26, org.springframework.security.web.servletapi.SecurityContextHolderAwareRequestFilter@7249bf82, org.springframework.security.web.authentication.AnonymousAuthenticationFilter@34a9111d, org.springframework.security.web.session.SessionManagementFilter@5905d7e8, org.springframework.security.web.access.ExceptionTranslationFilter@3ada9622, org.springframework.security.web.access.intercept.FilterSecurityInterceptor@66941cdd]
 2021.04.25 00:51:22.838 [restartedMain] [INFO] o.s.s.c.ThreadPoolTaskExecutor - Initializing ExecutorService 'applicationTaskExecutor'
 2021.04.25 00:51:23.086 [restartedMain] [INFO] o.a.c.h.Http11NioProtocol - Starting ProtocolHandler ["http-nio-8080"]
 2021.04.25 00:51:23.104 [restartedMain] [INFO] o.s.b.w.e.t.TomcatWebServer - Tomcat started on port(s): 8080 (http) with context path ''
 2021.04.25 00:51:23.136 [restartedMain] [INFO] c.w.b.BoardDemoApplication - Started BoardDemoApplication in 3.736 seconds (JVM running for 4.757)
 2021.04.25 00:53:24.391 [http-nio-8080-exec-2] [INFO] o.a.c.c.C.[.[.[/] - Initializing Spring DispatcherServlet 'dispatcherServlet'
 2021.04.25 00:53:24.392 [http-nio-8080-exec-2] [INFO] o.s.w.s.DispatcherServlet - Initializing Servlet 'dispatcherServlet'
 2021.04.25 00:53:24.393 [http-nio-8080-exec-2] [INFO] o.s.w.s.DispatcherServlet - Completed initialization in 1 ms
 2021.04.25 00:53:24.424 [http-nio-8080-exec-2] [INFO] c.w.b.c.BoardController - core
 2021.04.25 00:54:25.011 [SpringContextShutdownHook] [INFO] o.s.s.c.ThreadPoolTaskExecutor - Shutting down ExecutorService 'applicationTaskExecutor'
 2021.04.25 00:54:25.013 [SpringContextShutdownHook] [INFO] o.s.o.j.LocalContainerEntityManagerFactoryBean - Closing JPA EntityManagerFactory for persistence unit 'default'
 2021.04.25 00:54:25.016 [SpringContextShutdownHook] [INFO] c.z.h.HikariDataSource - HikariPool-1 - Shutdown initiated...
 2021.04.25 00:54:25.032 [SpringContextShutdownHook] [INFO] c.z.h.HikariDataSource - HikariPool-1 - Shutdown completed.
 2021.04.25 01:03:26.351 [restartedMain] [INFO] c.w.b.BoardDemoApplication - Starting BoardDemoApplication using Java 11.0.10 on soo.local with PID 15548 (/Users/soo/Downloads/5workspace/1private/1java/springboot-board-thymeleaf/board-demo/build/classes/java/main started by soo in /Users/soo/Downloads/5workspace/1private/1java/springboot-board-thymeleaf/board-demo)
 2021.04.25 01:03:26.365 [restartedMain] [INFO] c.w.b.BoardDemoApplication - No active profile set, falling back to default profiles: default
 2021.04.25 01:03:26.425 [restartedMain] [INFO] o.s.b.d.e.DevToolsPropertyDefaultsPostProcessor - Devtools property defaults active! Set 'spring.devtools.add-properties' to 'false' to disable
 2021.04.25 01:03:26.426 [restartedMain] [INFO] o.s.b.d.e.DevToolsPropertyDefaultsPostProcessor - For additional web related logging consider setting the 'logging.level.web' property to 'DEBUG'
 2021.04.25 01:03:27.222 [restartedMain] [INFO] o.s.d.r.c.RepositoryConfigurationDelegate - Bootstrapping Spring Data JPA repositories in DEFAULT mode.
 2021.04.25 01:03:27.291 [restartedMain] [INFO] o.s.d.r.c.RepositoryConfigurationDelegate - Finished Spring Data repository scanning in 60 ms. Found 1 JPA repository interfaces.
 2021.04.25 01:03:27.929 [restartedMain] [INFO] o.s.b.w.e.t.TomcatWebServer - Tomcat initialized with port(s): 8080 (http)
 2021.04.25 01:03:27.939 [restartedMain] [INFO] o.a.c.h.Http11NioProtocol - Initializing ProtocolHandler ["http-nio-8080"]
 2021.04.25 01:03:27.940 [restartedMain] [INFO] o.a.c.c.StandardService - Starting service [Tomcat]
 2021.04.25 01:03:27.947 [restartedMain] [INFO] o.a.c.c.StandardEngine - Starting Servlet engine: [Apache Tomcat/9.0.45]
 2021.04.25 01:03:28.017 [restartedMain] [INFO] o.a.c.c.C.[.[.[/] - Initializing Spring embedded WebApplicationContext
 2021.04.25 01:03:28.018 [restartedMain] [INFO] o.s.b.w.s.c.ServletWebServerApplicationContext - Root WebApplicationContext: initialization completed in 1591 ms
 2021.04.25 01:03:28.190 [restartedMain] [INFO] o.h.j.i.u.LogHelper - HHH000204: Processing PersistenceUnitInfo [name: default]
 2021.04.25 01:03:28.226 [restartedMain] [INFO] o.h.Version - HHH000412: Hibernate ORM core version 5.4.30.Final
 2021.04.25 01:03:28.311 [restartedMain] [INFO] o.h.a.c.Version - HCANN000001: Hibernate Commons Annotations {5.1.2.Final}
 2021.04.25 01:03:28.366 [restartedMain] [INFO] c.z.h.HikariDataSource - HikariPool-1 - Starting...
 2021.04.25 01:03:28.503 [restartedMain] [INFO] c.z.h.HikariDataSource - HikariPool-1 - Start completed.
 2021.04.25 01:03:28.518 [restartedMain] [INFO] o.h.d.Dialect - HHH000400: Using dialect: org.hibernate.dialect.MariaDB103Dialect
 2021.04.25 01:03:28.924 [restartedMain] [INFO] o.h.e.t.j.p.i.JtaPlatformInitiator - HHH000490: Using JtaPlatform implementation: [org.hibernate.engine.transaction.jta.platform.internal.NoJtaPlatform]
 2021.04.25 01:03:28.930 [restartedMain] [INFO] o.s.o.j.LocalContainerEntityManagerFactoryBean - Initialized JPA EntityManagerFactory for persistence unit 'default'
 2021.04.25 01:03:28.966 [restartedMain] [INFO] o.s.b.d.a.OptionalLiveReloadServer - LiveReload server is running on port 35729
 2021.04.25 01:03:29.416 [restartedMain] [INFO] o.s.s.w.DefaultSecurityFilterChain - Will secure any request with [org.springframework.security.web.context.request.async.WebAsyncManagerIntegrationFilter@7d5844de, org.springframework.security.web.context.SecurityContextPersistenceFilter@25ec88b8, org.springframework.security.web.header.HeaderWriterFilter@1973f8e6, org.springframework.security.web.authentication.logout.LogoutFilter@20729dc5, org.springframework.security.web.savedrequest.RequestCacheAwareFilter@47ad0918, org.springframework.security.web.servletapi.SecurityContextHolderAwareRequestFilter@55ac6aeb, org.springframework.security.web.authentication.AnonymousAuthenticationFilter@4e5f85b7, org.springframework.security.web.session.SessionManagementFilter@5f073784, org.springframework.security.web.access.ExceptionTranslationFilter@94e521, org.springframework.security.web.access.intercept.FilterSecurityInterceptor@45643a81]
 2021.04.25 01:03:29.512 [restartedMain] [INFO] o.s.s.c.ThreadPoolTaskExecutor - Initializing ExecutorService 'applicationTaskExecutor'
 2021.04.25 01:03:29.788 [restartedMain] [INFO] o.a.c.h.Http11NioProtocol - Starting ProtocolHandler ["http-nio-8080"]
 2021.04.25 01:03:29.808 [restartedMain] [INFO] o.s.b.w.e.t.TomcatWebServer - Tomcat started on port(s): 8080 (http) with context path ''
 2021.04.25 01:03:29.823 [restartedMain] [INFO] c.w.b.BoardDemoApplication - Started BoardDemoApplication in 4.005 seconds (JVM running for 5.094)
 2021.04.25 01:03:46.492 [http-nio-8080-exec-1] [INFO] o.a.c.c.C.[.[.[/] - Initializing Spring DispatcherServlet 'dispatcherServlet'
 2021.04.25 01:03:46.493 [http-nio-8080-exec-1] [INFO] o.s.w.s.DispatcherServlet - Initializing Servlet 'dispatcherServlet'
 2021.04.25 01:03:46.494 [http-nio-8080-exec-1] [INFO] o.s.w.s.DispatcherServlet - Completed initialization in 1 ms
 2021.04.25 01:03:46.526 [http-nio-8080-exec-1] [INFO] c.w.b.c.BoardController - core
 2021.04.25 01:04:22.072 [http-nio-8080-exec-3] [INFO] c.w.b.c.BoardController - core
 2021.04.25 01:04:23.760 [http-nio-8080-exec-5] [INFO] c.w.b.c.BoardController - core
 2021.04.25 01:04:45.616 [restartedMain] [INFO] c.w.b.BoardDemoApplication - Starting BoardDemoApplication using Java 11.0.10 on soo.local with PID 15556 (/Users/soo/Downloads/5workspace/1private/1java/springboot-board-thymeleaf/board-demo/build/classes/java/main started by soo in /Users/soo/Downloads/5workspace/1private/1java/springboot-board-thymeleaf/board-demo)
 2021.04.25 01:04:45.626 [restartedMain] [INFO] c.w.b.BoardDemoApplication - No active profile set, falling back to default profiles: default
 2021.04.25 01:04:45.680 [restartedMain] [INFO] o.s.b.d.e.DevToolsPropertyDefaultsPostProcessor - Devtools property defaults active! Set 'spring.devtools.add-properties' to 'false' to disable
 2021.04.25 01:04:45.681 [restartedMain] [INFO] o.s.b.d.e.DevToolsPropertyDefaultsPostProcessor - For additional web related logging consider setting the 'logging.level.web' property to 'DEBUG'
 2021.04.25 01:04:46.433 [restartedMain] [INFO] o.s.d.r.c.RepositoryConfigurationDelegate - Bootstrapping Spring Data JPA repositories in DEFAULT mode.
 2021.04.25 01:04:46.487 [restartedMain] [INFO] o.s.d.r.c.RepositoryConfigurationDelegate - Finished Spring Data repository scanning in 47 ms. Found 1 JPA repository interfaces.
 2021.04.25 01:04:47.129 [restartedMain] [INFO] o.s.b.w.e.t.TomcatWebServer - Tomcat initialized with port(s): 8080 (http)
 2021.04.25 01:04:47.137 [restartedMain] [INFO] o.a.c.h.Http11NioProtocol - Initializing ProtocolHandler ["http-nio-8080"]
 2021.04.25 01:04:47.138 [restartedMain] [INFO] o.a.c.c.StandardService - Starting service [Tomcat]
 2021.04.25 01:04:47.139 [restartedMain] [INFO] o.a.c.c.StandardEngine - Starting Servlet engine: [Apache Tomcat/9.0.45]
 2021.04.25 01:04:47.198 [restartedMain] [INFO] o.a.c.c.C.[.[.[/] - Initializing Spring embedded WebApplicationContext
 2021.04.25 01:04:47.198 [restartedMain] [INFO] o.s.b.w.s.c.ServletWebServerApplicationContext - Root WebApplicationContext: initialization completed in 1517 ms
 2021.04.25 01:04:47.346 [restartedMain] [INFO] o.h.j.i.u.LogHelper - HHH000204: Processing PersistenceUnitInfo [name: default]
 2021.04.25 01:04:47.375 [restartedMain] [INFO] o.h.Version - HHH000412: Hibernate ORM core version 5.4.30.Final
 2021.04.25 01:04:47.488 [restartedMain] [INFO] o.h.a.c.Version - HCANN000001: Hibernate Commons Annotations {5.1.2.Final}
 2021.04.25 01:04:47.555 [restartedMain] [INFO] c.z.h.HikariDataSource - HikariPool-1 - Starting...
 2021.04.25 01:04:47.636 [restartedMain] [INFO] c.z.h.HikariDataSource - HikariPool-1 - Start completed.
 2021.04.25 01:04:47.648 [restartedMain] [INFO] o.h.d.Dialect - HHH000400: Using dialect: org.hibernate.dialect.MariaDB103Dialect
 2021.04.25 01:04:48.043 [restartedMain] [INFO] o.h.e.t.j.p.i.JtaPlatformInitiator - HHH000490: Using JtaPlatform implementation: [org.hibernate.engine.transaction.jta.platform.internal.NoJtaPlatform]
 2021.04.25 01:04:48.048 [restartedMain] [INFO] o.s.o.j.LocalContainerEntityManagerFactoryBean - Initialized JPA EntityManagerFactory for persistence unit 'default'
 2021.04.25 01:04:48.086 [restartedMain] [INFO] o.s.b.d.a.OptionalLiveReloadServer - LiveReload server is running on port 35729
 2021.04.25 01:04:48.431 [restartedMain] [INFO] o.s.o.j.LocalContainerEntityManagerFactoryBean - Closing JPA EntityManagerFactory for persistence unit 'default'
 2021.04.25 01:04:48.434 [restartedMain] [INFO] c.z.h.HikariDataSource - HikariPool-1 - Shutdown initiated...
 2021.04.25 01:04:48.451 [restartedMain] [INFO] c.z.h.HikariDataSource - HikariPool-1 - Shutdown completed.
 2021.04.25 01:04:48.460 [restartedMain] [INFO] o.a.c.c.StandardService - Stopping service [Tomcat]
 2021.04.25 01:04:48.473 [restartedMain] [INFO] o.s.b.a.l.ConditionEvaluationReportLoggingListener - 

Error starting ApplicationContext. To display the conditions report re-run your application with 'debug' enabled.
 2021.04.25 01:06:14.325 [restartedMain] [INFO] c.w.b.BoardDemoApplication - Starting BoardDemoApplication using Java 11.0.10 on soo.local with PID 15564 (/Users/soo/Downloads/5workspace/1private/1java/springboot-board-thymeleaf/board-demo/build/classes/java/main started by soo in /Users/soo/Downloads/5workspace/1private/1java/springboot-board-thymeleaf/board-demo)
 2021.04.25 01:06:14.340 [restartedMain] [INFO] c.w.b.BoardDemoApplication - No active profile set, falling back to default profiles: default
 2021.04.25 01:06:14.406 [restartedMain] [INFO] o.s.b.d.e.DevToolsPropertyDefaultsPostProcessor - Devtools property defaults active! Set 'spring.devtools.add-properties' to 'false' to disable
 2021.04.25 01:06:14.407 [restartedMain] [INFO] o.s.b.d.e.DevToolsPropertyDefaultsPostProcessor - For additional web related logging consider setting the 'logging.level.web' property to 'DEBUG'
 2021.04.25 01:06:15.185 [restartedMain] [INFO] o.s.d.r.c.RepositoryConfigurationDelegate - Bootstrapping Spring Data JPA repositories in DEFAULT mode.
 2021.04.25 01:06:15.240 [restartedMain] [INFO] o.s.d.r.c.RepositoryConfigurationDelegate - Finished Spring Data repository scanning in 49 ms. Found 1 JPA repository interfaces.
 2021.04.25 01:06:15.944 [restartedMain] [INFO] o.s.b.w.e.t.TomcatWebServer - Tomcat initialized with port(s): 8080 (http)
 2021.04.25 01:06:15.957 [restartedMain] [INFO] o.a.c.h.Http11NioProtocol - Initializing ProtocolHandler ["http-nio-8080"]
 2021.04.25 01:06:15.958 [restartedMain] [INFO] o.a.c.c.StandardService - Starting service [Tomcat]
 2021.04.25 01:06:15.959 [restartedMain] [INFO] o.a.c.c.StandardEngine - Starting Servlet engine: [Apache Tomcat/9.0.45]
 2021.04.25 01:06:16.031 [restartedMain] [INFO] o.a.c.c.C.[.[.[/] - Initializing Spring embedded WebApplicationContext
 2021.04.25 01:06:16.032 [restartedMain] [INFO] o.s.b.w.s.c.ServletWebServerApplicationContext - Root WebApplicationContext: initialization completed in 1624 ms
 2021.04.25 01:06:16.174 [restartedMain] [INFO] o.h.j.i.u.LogHelper - HHH000204: Processing PersistenceUnitInfo [name: default]
 2021.04.25 01:06:16.202 [restartedMain] [INFO] o.h.Version - HHH000412: Hibernate ORM core version 5.4.30.Final
 2021.04.25 01:06:16.271 [restartedMain] [INFO] o.h.a.c.Version - HCANN000001: Hibernate Commons Annotations {5.1.2.Final}
 2021.04.25 01:06:16.377 [restartedMain] [INFO] c.z.h.HikariDataSource - HikariPool-1 - Starting...
 2021.04.25 01:06:16.458 [restartedMain] [INFO] c.z.h.HikariDataSource - HikariPool-1 - Start completed.
 2021.04.25 01:06:16.470 [restartedMain] [INFO] o.h.d.Dialect - HHH000400: Using dialect: org.hibernate.dialect.MariaDB103Dialect
 2021.04.25 01:06:16.869 [restartedMain] [INFO] o.h.e.t.j.p.i.JtaPlatformInitiator - HHH000490: Using JtaPlatform implementation: [org.hibernate.engine.transaction.jta.platform.internal.NoJtaPlatform]
 2021.04.25 01:06:16.876 [restartedMain] [INFO] o.s.o.j.LocalContainerEntityManagerFactoryBean - Initialized JPA EntityManagerFactory for persistence unit 'default'
 2021.04.25 01:06:16.921 [restartedMain] [INFO] o.s.b.d.a.OptionalLiveReloadServer - LiveReload server is running on port 35729
 2021.04.25 01:06:17.347 [restartedMain] [INFO] o.s.o.j.LocalContainerEntityManagerFactoryBean - Closing JPA EntityManagerFactory for persistence unit 'default'
 2021.04.25 01:06:17.349 [restartedMain] [INFO] c.z.h.HikariDataSource - HikariPool-1 - Shutdown initiated...
 2021.04.25 01:06:17.364 [restartedMain] [INFO] c.z.h.HikariDataSource - HikariPool-1 - Shutdown completed.
 2021.04.25 01:06:17.372 [restartedMain] [INFO] o.a.c.c.StandardService - Stopping service [Tomcat]
 2021.04.25 01:06:17.393 [restartedMain] [INFO] o.s.b.a.l.ConditionEvaluationReportLoggingListener - 

Error starting ApplicationContext. To display the conditions report re-run your application with 'debug' enabled.
 2021.04.25 01:07:25.107 [restartedMain] [INFO] c.w.b.BoardDemoApplication - Starting BoardDemoApplication using Java 11.0.10 on soo.local with PID 15594 (/Users/soo/Downloads/5workspace/1private/1java/springboot-board-thymeleaf/board-demo/build/classes/java/main started by soo in /Users/soo/Downloads/5workspace/1private/1java/springboot-board-thymeleaf/board-demo)
 2021.04.25 01:07:25.118 [restartedMain] [INFO] c.w.b.BoardDemoApplication - No active profile set, falling back to default profiles: default
 2021.04.25 01:07:25.178 [restartedMain] [INFO] o.s.b.d.e.DevToolsPropertyDefaultsPostProcessor - Devtools property defaults active! Set 'spring.devtools.add-properties' to 'false' to disable
 2021.04.25 01:07:25.179 [restartedMain] [INFO] o.s.b.d.e.DevToolsPropertyDefaultsPostProcessor - For additional web related logging consider setting the 'logging.level.web' property to 'DEBUG'
 2021.04.25 01:07:25.922 [restartedMain] [INFO] o.s.d.r.c.RepositoryConfigurationDelegate - Bootstrapping Spring Data JPA repositories in DEFAULT mode.
 2021.04.25 01:07:25.974 [restartedMain] [INFO] o.s.d.r.c.RepositoryConfigurationDelegate - Finished Spring Data repository scanning in 45 ms. Found 1 JPA repository interfaces.
 2021.04.25 01:07:26.578 [restartedMain] [INFO] o.s.b.w.e.t.TomcatWebServer - Tomcat initialized with port(s): 8080 (http)
 2021.04.25 01:07:26.587 [restartedMain] [INFO] o.a.c.h.Http11NioProtocol - Initializing ProtocolHandler ["http-nio-8080"]
 2021.04.25 01:07:26.588 [restartedMain] [INFO] o.a.c.c.StandardService - Starting service [Tomcat]
 2021.04.25 01:07:26.589 [restartedMain] [INFO] o.a.c.c.StandardEngine - Starting Servlet engine: [Apache Tomcat/9.0.45]
 2021.04.25 01:07:26.648 [restartedMain] [INFO] o.a.c.c.C.[.[.[/] - Initializing Spring embedded WebApplicationContext
 2021.04.25 01:07:26.648 [restartedMain] [INFO] o.s.b.w.s.c.ServletWebServerApplicationContext - Root WebApplicationContext: initialization completed in 1468 ms
 2021.04.25 01:07:26.802 [restartedMain] [INFO] o.h.j.i.u.LogHelper - HHH000204: Processing PersistenceUnitInfo [name: default]
 2021.04.25 01:07:26.826 [restartedMain] [INFO] o.h.Version - HHH000412: Hibernate ORM core version 5.4.30.Final
 2021.04.25 01:07:26.883 [restartedMain] [INFO] o.h.a.c.Version - HCANN000001: Hibernate Commons Annotations {5.1.2.Final}
 2021.04.25 01:07:26.992 [restartedMain] [INFO] c.z.h.HikariDataSource - HikariPool-1 - Starting...
 2021.04.25 01:07:27.072 [restartedMain] [INFO] c.z.h.HikariDataSource - HikariPool-1 - Start completed.
 2021.04.25 01:07:27.084 [restartedMain] [INFO] o.h.d.Dialect - HHH000400: Using dialect: org.hibernate.dialect.MariaDB103Dialect
 2021.04.25 01:07:27.490 [restartedMain] [INFO] o.h.e.t.j.p.i.JtaPlatformInitiator - HHH000490: Using JtaPlatform implementation: [org.hibernate.engine.transaction.jta.platform.internal.NoJtaPlatform]
 2021.04.25 01:07:27.495 [restartedMain] [INFO] o.s.o.j.LocalContainerEntityManagerFactoryBean - Initialized JPA EntityManagerFactory for persistence unit 'default'
 2021.04.25 01:07:27.529 [restartedMain] [INFO] o.s.b.d.a.OptionalLiveReloadServer - LiveReload server is running on port 35729
 2021.04.25 01:07:27.912 [restartedMain] [INFO] o.s.o.j.LocalContainerEntityManagerFactoryBean - Closing JPA EntityManagerFactory for persistence unit 'default'
 2021.04.25 01:07:27.914 [restartedMain] [INFO] c.z.h.HikariDataSource - HikariPool-1 - Shutdown initiated...
 2021.04.25 01:07:27.929 [restartedMain] [INFO] c.z.h.HikariDataSource - HikariPool-1 - Shutdown completed.
 2021.04.25 01:07:27.935 [restartedMain] [INFO] o.a.c.c.StandardService - Stopping service [Tomcat]
 2021.04.25 01:07:27.951 [restartedMain] [INFO] o.s.b.a.l.ConditionEvaluationReportLoggingListener - 

Error starting ApplicationContext. To display the conditions report re-run your application with 'debug' enabled.
 2021.04.25 01:08:24.395 [restartedMain] [INFO] c.w.b.BoardDemoApplication - Starting BoardDemoApplication using Java 11.0.10 on soo.local with PID 15602 (/Users/soo/Downloads/5workspace/1private/1java/springboot-board-thymeleaf/board-demo/build/classes/java/main started by soo in /Users/soo/Downloads/5workspace/1private/1java/springboot-board-thymeleaf/board-demo)
 2021.04.25 01:08:24.411 [restartedMain] [INFO] c.w.b.BoardDemoApplication - No active profile set, falling back to default profiles: default
 2021.04.25 01:08:24.466 [restartedMain] [INFO] o.s.b.d.e.DevToolsPropertyDefaultsPostProcessor - Devtools property defaults active! Set 'spring.devtools.add-properties' to 'false' to disable
 2021.04.25 01:08:24.467 [restartedMain] [INFO] o.s.b.d.e.DevToolsPropertyDefaultsPostProcessor - For additional web related logging consider setting the 'logging.level.web' property to 'DEBUG'
 2021.04.25 01:08:25.177 [restartedMain] [INFO] o.s.d.r.c.RepositoryConfigurationDelegate - Bootstrapping Spring Data JPA repositories in DEFAULT mode.
 2021.04.25 01:08:25.228 [restartedMain] [INFO] o.s.d.r.c.RepositoryConfigurationDelegate - Finished Spring Data repository scanning in 45 ms. Found 1 JPA repository interfaces.
 2021.04.25 01:08:25.824 [restartedMain] [INFO] o.s.b.w.e.t.TomcatWebServer - Tomcat initialized with port(s): 8080 (http)
 2021.04.25 01:08:25.833 [restartedMain] [INFO] o.a.c.h.Http11NioProtocol - Initializing ProtocolHandler ["http-nio-8080"]
 2021.04.25 01:08:25.834 [restartedMain] [INFO] o.a.c.c.StandardService - Starting service [Tomcat]
 2021.04.25 01:08:25.834 [restartedMain] [INFO] o.a.c.c.StandardEngine - Starting Servlet engine: [Apache Tomcat/9.0.45]
 2021.04.25 01:08:25.894 [restartedMain] [INFO] o.a.c.c.C.[.[.[/] - Initializing Spring embedded WebApplicationContext
 2021.04.25 01:08:25.894 [restartedMain] [INFO] o.s.b.w.s.c.ServletWebServerApplicationContext - Root WebApplicationContext: initialization completed in 1426 ms
 2021.04.25 01:08:26.051 [restartedMain] [INFO] o.h.j.i.u.LogHelper - HHH000204: Processing PersistenceUnitInfo [name: default]
 2021.04.25 01:08:26.076 [restartedMain] [INFO] o.h.Version - HHH000412: Hibernate ORM core version 5.4.30.Final
 2021.04.25 01:08:26.134 [restartedMain] [INFO] o.h.a.c.Version - HCANN000001: Hibernate Commons Annotations {5.1.2.Final}
 2021.04.25 01:08:26.215 [restartedMain] [INFO] c.z.h.HikariDataSource - HikariPool-1 - Starting...
 2021.04.25 01:08:26.299 [restartedMain] [INFO] c.z.h.HikariDataSource - HikariPool-1 - Start completed.
 2021.04.25 01:08:26.311 [restartedMain] [INFO] o.h.d.Dialect - HHH000400: Using dialect: org.hibernate.dialect.MariaDB103Dialect
 2021.04.25 01:08:26.724 [restartedMain] [INFO] o.h.e.t.j.p.i.JtaPlatformInitiator - HHH000490: Using JtaPlatform implementation: [org.hibernate.engine.transaction.jta.platform.internal.NoJtaPlatform]
 2021.04.25 01:08:26.731 [restartedMain] [INFO] o.s.o.j.LocalContainerEntityManagerFactoryBean - Initialized JPA EntityManagerFactory for persistence unit 'default'
 2021.04.25 01:08:26.762 [restartedMain] [INFO] o.s.b.d.a.OptionalLiveReloadServer - LiveReload server is running on port 35729
 2021.04.25 01:08:27.122 [restartedMain] [INFO] o.s.o.j.LocalContainerEntityManagerFactoryBean - Closing JPA EntityManagerFactory for persistence unit 'default'
 2021.04.25 01:08:27.125 [restartedMain] [INFO] c.z.h.HikariDataSource - HikariPool-1 - Shutdown initiated...
 2021.04.25 01:08:27.139 [restartedMain] [INFO] c.z.h.HikariDataSource - HikariPool-1 - Shutdown completed.
 2021.04.25 01:08:27.144 [restartedMain] [INFO] o.a.c.c.StandardService - Stopping service [Tomcat]
 2021.04.25 01:08:27.166 [restartedMain] [INFO] o.s.b.a.l.ConditionEvaluationReportLoggingListener - 

Error starting ApplicationContext. To display the conditions report re-run your application with 'debug' enabled.
 2021.04.25 01:09:29.262 [restartedMain] [INFO] c.w.b.BoardDemoApplication - Starting BoardDemoApplication using Java 11.0.10 on soo.local with PID 15610 (/Users/soo/Downloads/5workspace/1private/1java/springboot-board-thymeleaf/board-demo/build/classes/java/main started by soo in /Users/soo/Downloads/5workspace/1private/1java/springboot-board-thymeleaf/board-demo)
 2021.04.25 01:09:29.272 [restartedMain] [INFO] c.w.b.BoardDemoApplication - No active profile set, falling back to default profiles: default
 2021.04.25 01:09:29.331 [restartedMain] [INFO] o.s.b.d.e.DevToolsPropertyDefaultsPostProcessor - Devtools property defaults active! Set 'spring.devtools.add-properties' to 'false' to disable
 2021.04.25 01:09:29.332 [restartedMain] [INFO] o.s.b.d.e.DevToolsPropertyDefaultsPostProcessor - For additional web related logging consider setting the 'logging.level.web' property to 'DEBUG'
 2021.04.25 01:09:30.042 [restartedMain] [INFO] o.s.d.r.c.RepositoryConfigurationDelegate - Bootstrapping Spring Data JPA repositories in DEFAULT mode.
 2021.04.25 01:09:30.094 [restartedMain] [INFO] o.s.d.r.c.RepositoryConfigurationDelegate - Finished Spring Data repository scanning in 46 ms. Found 1 JPA repository interfaces.
 2021.04.25 01:09:30.699 [restartedMain] [INFO] o.s.b.w.e.t.TomcatWebServer - Tomcat initialized with port(s): 8080 (http)
 2021.04.25 01:09:30.709 [restartedMain] [INFO] o.a.c.h.Http11NioProtocol - Initializing ProtocolHandler ["http-nio-8080"]
 2021.04.25 01:09:30.710 [restartedMain] [INFO] o.a.c.c.StandardService - Starting service [Tomcat]
 2021.04.25 01:09:30.711 [restartedMain] [INFO] o.a.c.c.StandardEngine - Starting Servlet engine: [Apache Tomcat/9.0.45]
 2021.04.25 01:09:30.772 [restartedMain] [INFO] o.a.c.c.C.[.[.[/] - Initializing Spring embedded WebApplicationContext
 2021.04.25 01:09:30.772 [restartedMain] [INFO] o.s.b.w.s.c.ServletWebServerApplicationContext - Root WebApplicationContext: initialization completed in 1439 ms
 2021.04.25 01:09:30.932 [restartedMain] [INFO] o.h.j.i.u.LogHelper - HHH000204: Processing PersistenceUnitInfo [name: default]
 2021.04.25 01:09:30.958 [restartedMain] [INFO] o.h.Version - HHH000412: Hibernate ORM core version 5.4.30.Final
 2021.04.25 01:09:31.030 [restartedMain] [INFO] o.h.a.c.Version - HCANN000001: Hibernate Commons Annotations {5.1.2.Final}
 2021.04.25 01:09:31.084 [restartedMain] [INFO] c.z.h.HikariDataSource - HikariPool-1 - Starting...
 2021.04.25 01:09:31.205 [restartedMain] [INFO] c.z.h.HikariDataSource - HikariPool-1 - Start completed.
 2021.04.25 01:09:31.236 [restartedMain] [INFO] o.h.d.Dialect - HHH000400: Using dialect: org.hibernate.dialect.MariaDB103Dialect
 2021.04.25 01:09:31.643 [restartedMain] [INFO] o.h.e.t.j.p.i.JtaPlatformInitiator - HHH000490: Using JtaPlatform implementation: [org.hibernate.engine.transaction.jta.platform.internal.NoJtaPlatform]
 2021.04.25 01:09:31.649 [restartedMain] [INFO] o.s.o.j.LocalContainerEntityManagerFactoryBean - Initialized JPA EntityManagerFactory for persistence unit 'default'
 2021.04.25 01:09:31.686 [restartedMain] [INFO] o.s.b.d.a.OptionalLiveReloadServer - LiveReload server is running on port 35729
 2021.04.25 01:09:32.120 [restartedMain] [INFO] o.s.s.w.DefaultSecurityFilterChain - Will secure any request with [org.springframework.security.web.context.request.async.WebAsyncManagerIntegrationFilter@672b6581, org.springframework.security.web.context.SecurityContextPersistenceFilter@5a714a87, org.springframework.security.web.header.HeaderWriterFilter@1f98a474, org.springframework.security.web.authentication.logout.LogoutFilter@32307e5d, org.springframework.security.web.savedrequest.RequestCacheAwareFilter@3bf504fa, org.springframework.security.web.servletapi.SecurityContextHolderAwareRequestFilter@7ee9918b, org.springframework.security.web.authentication.AnonymousAuthenticationFilter@77a783c4, org.springframework.security.web.session.SessionManagementFilter@55be31af, org.springframework.security.web.access.ExceptionTranslationFilter@530050f4, org.springframework.security.web.access.intercept.FilterSecurityInterceptor@7439a18a]
 2021.04.25 01:09:32.213 [restartedMain] [INFO] o.s.s.c.ThreadPoolTaskExecutor - Initializing ExecutorService 'applicationTaskExecutor'
 2021.04.25 01:09:32.507 [restartedMain] [INFO] o.a.c.h.Http11NioProtocol - Starting ProtocolHandler ["http-nio-8080"]
 2021.04.25 01:09:32.528 [restartedMain] [INFO] o.s.b.w.e.t.TomcatWebServer - Tomcat started on port(s): 8080 (http) with context path ''
 2021.04.25 01:09:32.570 [restartedMain] [INFO] c.w.b.BoardDemoApplication - Started BoardDemoApplication in 3.814 seconds (JVM running for 4.842)
 2021.04.25 01:09:41.493 [http-nio-8080-exec-1] [INFO] o.a.c.c.C.[.[.[/] - Initializing Spring DispatcherServlet 'dispatcherServlet'
 2021.04.25 01:09:41.494 [http-nio-8080-exec-1] [INFO] o.s.w.s.DispatcherServlet - Initializing Servlet 'dispatcherServlet'
 2021.04.25 01:09:41.496 [http-nio-8080-exec-1] [INFO] o.s.w.s.DispatcherServlet - Completed initialization in 2 ms
 2021.04.25 01:09:41.528 [http-nio-8080-exec-1] [INFO] c.w.b.c.BoardController - loc
 2021.04.25 01:10:02.283 [restartedMain] [INFO] c.w.b.BoardDemoApplication - Starting BoardDemoApplication using Java 11.0.10 on soo.local with PID 15614 (/Users/soo/Downloads/5workspace/1private/1java/springboot-board-thymeleaf/board-demo/build/classes/java/main started by soo in /Users/soo/Downloads/5workspace/1private/1java/springboot-board-thymeleaf/board-demo)
 2021.04.25 01:10:02.294 [restartedMain] [INFO] c.w.b.BoardDemoApplication - No active profile set, falling back to default profiles: default
 2021.04.25 01:10:02.352 [restartedMain] [INFO] o.s.b.d.e.DevToolsPropertyDefaultsPostProcessor - Devtools property defaults active! Set 'spring.devtools.add-properties' to 'false' to disable
 2021.04.25 01:10:02.353 [restartedMain] [INFO] o.s.b.d.e.DevToolsPropertyDefaultsPostProcessor - For additional web related logging consider setting the 'logging.level.web' property to 'DEBUG'
 2021.04.25 01:10:03.113 [restartedMain] [INFO] o.s.d.r.c.RepositoryConfigurationDelegate - Bootstrapping Spring Data JPA repositories in DEFAULT mode.
 2021.04.25 01:10:03.168 [restartedMain] [INFO] o.s.d.r.c.RepositoryConfigurationDelegate - Finished Spring Data repository scanning in 48 ms. Found 1 JPA repository interfaces.
 2021.04.25 01:10:03.787 [restartedMain] [INFO] o.s.b.w.e.t.TomcatWebServer - Tomcat initialized with port(s): 8080 (http)
 2021.04.25 01:10:03.797 [restartedMain] [INFO] o.a.c.h.Http11NioProtocol - Initializing ProtocolHandler ["http-nio-8080"]
 2021.04.25 01:10:03.798 [restartedMain] [INFO] o.a.c.c.StandardService - Starting service [Tomcat]
 2021.04.25 01:10:03.799 [restartedMain] [INFO] o.a.c.c.StandardEngine - Starting Servlet engine: [Apache Tomcat/9.0.45]
 2021.04.25 01:10:03.858 [restartedMain] [INFO] o.a.c.c.C.[.[.[/] - Initializing Spring embedded WebApplicationContext
 2021.04.25 01:10:03.859 [restartedMain] [INFO] o.s.b.w.s.c.ServletWebServerApplicationContext - Root WebApplicationContext: initialization completed in 1505 ms
 2021.04.25 01:10:04.022 [restartedMain] [INFO] o.h.j.i.u.LogHelper - HHH000204: Processing PersistenceUnitInfo [name: default]
 2021.04.25 01:10:04.054 [restartedMain] [INFO] o.h.Version - HHH000412: Hibernate ORM core version 5.4.30.Final
 2021.04.25 01:10:04.132 [restartedMain] [INFO] o.h.a.c.Version - HCANN000001: Hibernate Commons Annotations {5.1.2.Final}
 2021.04.25 01:10:04.189 [restartedMain] [INFO] c.z.h.HikariDataSource - HikariPool-1 - Starting...
 2021.04.25 01:10:04.318 [restartedMain] [INFO] c.z.h.HikariDataSource - HikariPool-1 - Start completed.
 2021.04.25 01:10:04.334 [restartedMain] [INFO] o.h.d.Dialect - HHH000400: Using dialect: org.hibernate.dialect.MariaDB103Dialect
 2021.04.25 01:10:04.771 [restartedMain] [INFO] o.h.e.t.j.p.i.JtaPlatformInitiator - HHH000490: Using JtaPlatform implementation: [org.hibernate.engine.transaction.jta.platform.internal.NoJtaPlatform]
 2021.04.25 01:10:04.777 [restartedMain] [INFO] o.s.o.j.LocalContainerEntityManagerFactoryBean - Initialized JPA EntityManagerFactory for persistence unit 'default'
 2021.04.25 01:10:04.811 [restartedMain] [INFO] o.s.b.d.a.OptionalLiveReloadServer - LiveReload server is running on port 35729
 2021.04.25 01:10:05.248 [restartedMain] [INFO] o.s.s.w.DefaultSecurityFilterChain - Will secure any request with [org.springframework.security.web.context.request.async.WebAsyncManagerIntegrationFilter@2ce2dbc, org.springframework.security.web.context.SecurityContextPersistenceFilter@58562c8, org.springframework.security.web.header.HeaderWriterFilter@7ee9918b, org.springframework.security.web.authentication.logout.LogoutFilter@5661d34f, org.springframework.security.web.savedrequest.RequestCacheAwareFilter@3deed1d0, org.springframework.security.web.servletapi.SecurityContextHolderAwareRequestFilter@5aa45e15, org.springframework.security.web.authentication.AnonymousAuthenticationFilter@23a1023, org.springframework.security.web.session.SessionManagementFilter@6ca915af, org.springframework.security.web.access.ExceptionTranslationFilter@451a2507, org.springframework.security.web.access.intercept.FilterSecurityInterceptor@45d29ccb]
 2021.04.25 01:10:05.344 [restartedMain] [INFO] o.s.s.c.ThreadPoolTaskExecutor - Initializing ExecutorService 'applicationTaskExecutor'
 2021.04.25 01:10:05.626 [restartedMain] [INFO] o.a.c.h.Http11NioProtocol - Starting ProtocolHandler ["http-nio-8080"]
 2021.04.25 01:10:05.647 [restartedMain] [INFO] o.s.b.w.e.t.TomcatWebServer - Tomcat started on port(s): 8080 (http) with context path ''
 2021.04.25 01:10:05.658 [restartedMain] [INFO] c.w.b.BoardDemoApplication - Started BoardDemoApplication in 3.932 seconds (JVM running for 5.081)
 2021.04.25 01:10:08.993 [http-nio-8080-exec-4] [INFO] o.a.c.c.C.[.[.[/] - Initializing Spring DispatcherServlet 'dispatcherServlet'
 2021.04.25 01:10:08.994 [http-nio-8080-exec-4] [INFO] o.s.w.s.DispatcherServlet - Initializing Servlet 'dispatcherServlet'
 2021.04.25 01:10:08.996 [http-nio-8080-exec-4] [INFO] o.s.w.s.DispatcherServlet - Completed initialization in 2 ms
 2021.04.25 01:10:09.025 [http-nio-8080-exec-4] [INFO] c.w.b.c.BoardController - dev
 2021.04.25 01:10:44.739 [restartedMain] [INFO] c.w.b.BoardDemoApplication - Starting BoardDemoApplication using Java 11.0.10 on soo.local with PID 15619 (/Users/soo/Downloads/5workspace/1private/1java/springboot-board-thymeleaf/board-demo/build/classes/java/main started by soo in /Users/soo/Downloads/5workspace/1private/1java/springboot-board-thymeleaf/board-demo)
 2021.04.25 01:10:44.750 [restartedMain] [INFO] c.w.b.BoardDemoApplication - No active profile set, falling back to default profiles: default
 2021.04.25 01:10:44.819 [restartedMain] [INFO] o.s.b.d.e.DevToolsPropertyDefaultsPostProcessor - Devtools property defaults active! Set 'spring.devtools.add-properties' to 'false' to disable
 2021.04.25 01:10:44.820 [restartedMain] [INFO] o.s.b.d.e.DevToolsPropertyDefaultsPostProcessor - For additional web related logging consider setting the 'logging.level.web' property to 'DEBUG'
 2021.04.25 01:10:45.567 [restartedMain] [INFO] o.s.d.r.c.RepositoryConfigurationDelegate - Bootstrapping Spring Data JPA repositories in DEFAULT mode.
 2021.04.25 01:10:45.620 [restartedMain] [INFO] o.s.d.r.c.RepositoryConfigurationDelegate - Finished Spring Data repository scanning in 46 ms. Found 1 JPA repository interfaces.
 2021.04.25 01:10:46.257 [restartedMain] [INFO] o.s.b.w.e.t.TomcatWebServer - Tomcat initialized with port(s): 8080 (http)
 2021.04.25 01:10:46.266 [restartedMain] [INFO] o.a.c.h.Http11NioProtocol - Initializing ProtocolHandler ["http-nio-8080"]
 2021.04.25 01:10:46.267 [restartedMain] [INFO] o.a.c.c.StandardService - Starting service [Tomcat]
 2021.04.25 01:10:46.268 [restartedMain] [INFO] o.a.c.c.StandardEngine - Starting Servlet engine: [Apache Tomcat/9.0.45]
 2021.04.25 01:10:46.331 [restartedMain] [INFO] o.a.c.c.C.[.[.[/] - Initializing Spring embedded WebApplicationContext
 2021.04.25 01:10:46.331 [restartedMain] [INFO] o.s.b.w.s.c.ServletWebServerApplicationContext - Root WebApplicationContext: initialization completed in 1511 ms
 2021.04.25 01:10:46.497 [restartedMain] [INFO] o.h.j.i.u.LogHelper - HHH000204: Processing PersistenceUnitInfo [name: default]
 2021.04.25 01:10:46.529 [restartedMain] [INFO] o.h.Version - HHH000412: Hibernate ORM core version 5.4.30.Final
 2021.04.25 01:10:46.615 [restartedMain] [INFO] o.h.a.c.Version - HCANN000001: Hibernate Commons Annotations {5.1.2.Final}
 2021.04.25 01:10:46.678 [restartedMain] [INFO] c.z.h.HikariDataSource - HikariPool-1 - Starting...
 2021.04.25 01:10:46.799 [restartedMain] [INFO] c.z.h.HikariDataSource - HikariPool-1 - Start completed.
 2021.04.25 01:10:46.813 [restartedMain] [INFO] o.h.d.Dialect - HHH000400: Using dialect: org.hibernate.dialect.MariaDB103Dialect
 2021.04.25 01:10:47.236 [restartedMain] [INFO] o.h.e.t.j.p.i.JtaPlatformInitiator - HHH000490: Using JtaPlatform implementation: [org.hibernate.engine.transaction.jta.platform.internal.NoJtaPlatform]
 2021.04.25 01:10:47.243 [restartedMain] [INFO] o.s.o.j.LocalContainerEntityManagerFactoryBean - Initialized JPA EntityManagerFactory for persistence unit 'default'
 2021.04.25 01:10:47.273 [restartedMain] [INFO] o.s.b.d.a.OptionalLiveReloadServer - LiveReload server is running on port 35729
 2021.04.25 01:10:47.719 [restartedMain] [INFO] o.s.s.w.DefaultSecurityFilterChain - Will secure any request with [org.springframework.security.web.context.request.async.WebAsyncManagerIntegrationFilter@be8109f, org.springframework.security.web.context.SecurityContextPersistenceFilter@549bc829, org.springframework.security.web.header.HeaderWriterFilter@13e41f46, org.springframework.security.web.authentication.logout.LogoutFilter@6dc81618, org.springframework.security.web.savedrequest.RequestCacheAwareFilter@6c26a2c6, org.springframework.security.web.servletapi.SecurityContextHolderAwareRequestFilter@3a89fae3, org.springframework.security.web.authentication.AnonymousAuthenticationFilter@7071a875, org.springframework.security.web.session.SessionManagementFilter@5c44a1ea, org.springframework.security.web.access.ExceptionTranslationFilter@78596e58, org.springframework.security.web.access.intercept.FilterSecurityInterceptor@1f0bc1c5]
 2021.04.25 01:10:47.819 [restartedMain] [INFO] o.s.s.c.ThreadPoolTaskExecutor - Initializing ExecutorService 'applicationTaskExecutor'
 2021.04.25 01:10:48.099 [restartedMain] [INFO] o.a.c.h.Http11NioProtocol - Starting ProtocolHandler ["http-nio-8080"]
 2021.04.25 01:10:48.120 [restartedMain] [INFO] o.s.b.w.e.t.TomcatWebServer - Tomcat started on port(s): 8080 (http) with context path ''
 2021.04.25 01:10:48.164 [restartedMain] [INFO] c.w.b.BoardDemoApplication - Started BoardDemoApplication in 3.971 seconds (JVM running for 5.124)
 2021.04.25 01:10:50.836 [http-nio-8080-exec-4] [INFO] o.a.c.c.C.[.[.[/] - Initializing Spring DispatcherServlet 'dispatcherServlet'
 2021.04.25 01:10:50.837 [http-nio-8080-exec-4] [INFO] o.s.w.s.DispatcherServlet - Initializing Servlet 'dispatcherServlet'
 2021.04.25 01:10:50.838 [http-nio-8080-exec-4] [INFO] o.s.w.s.DispatcherServlet - Completed initialization in 1 ms
 2021.04.25 01:10:50.868 [http-nio-8080-exec-4] [INFO] c.w.b.c.BoardController - loc
 